{"C:\\Users\\HOME PC\\Desktop\\repoLib\\module2\\todo-list\\src\\modules\\addTodo.js": {"path":"C:\\Users\\HOME PC\\Desktop\\repoLib\\module2\\todo-list\\src\\modules\\addTodo.js","statementMap":{"0":{"start":{"line":2,"column":16},"end":{"line":19,"column":1}},"1":{"start":{"line":3,"column":18},"end":{"line":3,"column":20}},"2":{"start":{"line":4,"column":20},"end":{"line":4,"column":35}},"3":{"start":{"line":5,"column":2},"end":{"line":5,"column":36}},"4":{"start":{"line":6,"column":2},"end":{"line":6,"column":32}},"5":{"start":{"line":7,"column":2},"end":{"line":7,"column":28}},"6":{"start":{"line":10,"column":23},"end":{"line":10,"column":76}},"7":{"start":{"line":10,"column":47},"end":{"line":10,"column":75}},"8":{"start":{"line":11,"column":2},"end":{"line":13,"column":3}},"9":{"start":{"line":12,"column":4},"end":{"line":12,"column":48}},"10":{"start":{"line":15,"column":2},"end":{"line":15,"column":25}},"11":{"start":{"line":17,"column":2},"end":{"line":17,"column":45}},"12":{"start":{"line":17,"column":26},"end":{"line":17,"column":43}},"13":{"start":{"line":18,"column":2},"end":{"line":18,"column":65}}},"fnMap":{"0":{"name":"(anonymous_0)","decl":{"start":{"line":2,"column":16},"end":{"line":2,"column":17}},"loc":{"start":{"line":2,"column":43},"end":{"line":19,"column":1}},"line":2},"1":{"name":"(anonymous_1)","decl":{"start":{"line":10,"column":37},"end":{"line":10,"column":38}},"loc":{"start":{"line":10,"column":47},"end":{"line":10,"column":75}},"line":10},"2":{"name":"(anonymous_2)","decl":{"start":{"line":17,"column":16},"end":{"line":17,"column":17}},"loc":{"start":{"line":17,"column":26},"end":{"line":17,"column":43}},"line":17}},"branchMap":{"0":{"loc":{"start":{"line":11,"column":2},"end":{"line":13,"column":3}},"type":"if","locations":[{"start":{"line":11,"column":2},"end":{"line":13,"column":3}},{"start":{},"end":{}}],"line":11}},"s":{"0":1,"1":1,"2":1,"3":1,"4":1,"5":1,"6":1,"7":2,"8":1,"9":0,"10":1,"11":1,"12":2,"13":1},"f":{"0":1,"1":2,"2":2},"b":{"0":[0,1]},"_coverageSchema":"1a1c01bbd47fc00a2c39e90264f33305004495a9","hash":"7ac6778a452ae664c6baed2cfab9372c6ba4474a"}
,"C:\\Users\\HOME PC\\Desktop\\repoLib\\module2\\todo-list\\src\\modules\\drawTask.js": {"path":"C:\\Users\\HOME PC\\Desktop\\repoLib\\module2\\todo-list\\src\\modules\\drawTask.js","statementMap":{"0":{"start":{"line":4,"column":23},"end":{"line":4,"column":60}},"1":{"start":{"line":5,"column":22},"end":{"line":5,"column":62}},"2":{"start":{"line":7,"column":24},"end":{"line":30,"column":1}},"3":{"start":{"line":8,"column":2},"end":{"line":11,"column":3}},"4":{"start":{"line":10,"column":4},"end":{"line":10,"column":11}},"5":{"start":{"line":13,"column":2},"end":{"line":13,"column":42}},"6":{"start":{"line":13,"column":23},"end":{"line":13,"column":40}},"7":{"start":{"line":14,"column":19},"end":{"line":27,"column":13}},"8":{"start":{"line":14,"column":39},"end":{"line":27,"column":3}},"9":{"start":{"line":29,"column":2},"end":{"line":29,"column":37}},"10":{"start":{"line":34,"column":28},"end":{"line":44,"column":1}},"11":{"start":{"line":35,"column":26},"end":{"line":42,"column":3}},"12":{"start":{"line":43,"column":2},"end":{"line":43,"column":51}},"13":{"start":{"line":46,"column":18},"end":{"line":53,"column":1}},"14":{"start":{"line":55,"column":0},"end":{"line":55,"column":56}}},"fnMap":{"0":{"name":"(anonymous_0)","decl":{"start":{"line":7,"column":24},"end":{"line":7,"column":25}},"loc":{"start":{"line":7,"column":50},"end":{"line":30,"column":1}},"line":7},"1":{"name":"(anonymous_1)","decl":{"start":{"line":13,"column":13},"end":{"line":13,"column":14}},"loc":{"start":{"line":13,"column":23},"end":{"line":13,"column":40}},"line":13},"2":{"name":"(anonymous_2)","decl":{"start":{"line":14,"column":29},"end":{"line":14,"column":30}},"loc":{"start":{"line":14,"column":39},"end":{"line":27,"column":3}},"line":14},"3":{"name":"(anonymous_3)","decl":{"start":{"line":34,"column":28},"end":{"line":34,"column":29}},"loc":{"start":{"line":34,"column":54},"end":{"line":44,"column":1}},"line":34}},"branchMap":{"0":{"loc":{"start":{"line":8,"column":2},"end":{"line":11,"column":3}},"type":"if","locations":[{"start":{"line":8,"column":2},"end":{"line":11,"column":3}},{"start":{},"end":{}}],"line":8},"1":{"loc":{"start":{"line":16,"column":73},"end":{"line":16,"column":104}},"type":"cond-expr","locations":[{"start":{"line":16,"column":90},"end":{"line":16,"column":99}},{"start":{"line":16,"column":102},"end":{"line":16,"column":104}}],"line":16},"2":{"loc":{"start":{"line":55,"column":0},"end":{"line":55,"column":56}},"type":"binary-expr","locations":[{"start":{"line":55,"column":0},"end":{"line":55,"column":14}},{"start":{"line":55,"column":19},"end":{"line":55,"column":55}}],"line":55}},"s":{"0":1,"1":1,"2":1,"3":1,"4":1,"5":0,"6":0,"7":0,"8":0,"9":0,"10":1,"11":0,"12":0,"13":1,"14":1},"f":{"0":1,"1":0,"2":0,"3":0},"b":{"0":[1,0],"1":[0,0],"2":[1,0]},"_coverageSchema":"1a1c01bbd47fc00a2c39e90264f33305004495a9","hash":"044d6736b3b1b8032bad1d2442ce11ad471b0109"}
,"C:\\Users\\HOME PC\\Desktop\\repoLib\\module2\\todo-list\\src\\modules\\removeTodo.js": {"path":"C:\\Users\\HOME PC\\Desktop\\repoLib\\module2\\todo-list\\src\\modules\\removeTodo.js","statementMap":{"0":{"start":{"line":2,"column":19},"end":{"line":12,"column":1}},"1":{"start":{"line":4,"column":22},"end":{"line":4,"column":69}},"2":{"start":{"line":4,"column":48},"end":{"line":4,"column":68}},"3":{"start":{"line":5,"column":2},"end":{"line":5,"column":73}},"4":{"start":{"line":6,"column":16},"end":{"line":6,"column":17}},"5":{"start":{"line":7,"column":2},"end":{"line":11,"column":5}},"6":{"start":{"line":8,"column":4},"end":{"line":8,"column":28}},"7":{"start":{"line":9,"column":4},"end":{"line":9,"column":70}},"8":{"start":{"line":10,"column":4},"end":{"line":10,"column":17}}},"fnMap":{"0":{"name":"(anonymous_0)","decl":{"start":{"line":2,"column":19},"end":{"line":2,"column":20}},"loc":{"start":{"line":2,"column":40},"end":{"line":12,"column":1}},"line":2},"1":{"name":"(anonymous_1)","decl":{"start":{"line":4,"column":38},"end":{"line":4,"column":39}},"loc":{"start":{"line":4,"column":48},"end":{"line":4,"column":68}},"line":4},"2":{"name":"(anonymous_2)","decl":{"start":{"line":7,"column":22},"end":{"line":7,"column":23}},"loc":{"start":{"line":7,"column":35},"end":{"line":11,"column":3}},"line":7}},"branchMap":{},"s":{"0":1,"1":1,"2":3,"3":1,"4":1,"5":1,"6":2,"7":2,"8":2},"f":{"0":1,"1":3,"2":2},"b":{},"_coverageSchema":"1a1c01bbd47fc00a2c39e90264f33305004495a9","hash":"31e8fa508a77c953fcd797550d7e718eb288d7e7"}
,"C:\\Users\\HOME PC\\Desktop\\repoLib\\module2\\todo-list\\src\\modules\\updateTask.js": {"path":"C:\\Users\\HOME PC\\Desktop\\repoLib\\module2\\todo-list\\src\\modules\\updateTask.js","statementMap":{"0":{"start":{"line":2,"column":22},"end":{"line":2,"column":62}},"1":{"start":{"line":5,"column":19},"end":{"line":13,"column":1}},"2":{"start":{"line":6,"column":19},"end":{"line":6,"column":73}},"3":{"start":{"line":7,"column":2},"end":{"line":11,"column":5}},"4":{"start":{"line":8,"column":4},"end":{"line":10,"column":5}},"5":{"start":{"line":9,"column":6},"end":{"line":9,"column":39}},"6":{"start":{"line":12,"column":2},"end":{"line":12,"column":65}},"7":{"start":{"line":16,"column":21},"end":{"line":30,"column":1}},"8":{"start":{"line":17,"column":16},"end":{"line":17,"column":70}},"9":{"start":{"line":20,"column":23},"end":{"line":20,"column":65}},"10":{"start":{"line":20,"column":44},"end":{"line":20,"column":64}},"11":{"start":{"line":21,"column":2},"end":{"line":23,"column":3}},"12":{"start":{"line":22,"column":4},"end":{"line":22,"column":58}},"13":{"start":{"line":26,"column":2},"end":{"line":26,"column":35}},"14":{"start":{"line":29,"column":2},"end":{"line":29,"column":62}},"15":{"start":{"line":32,"column":23},"end":{"line":42,"column":1}},"16":{"start":{"line":33,"column":14},"end":{"line":33,"column":68}},"17":{"start":{"line":34,"column":2},"end":{"line":34,"column":53}},"18":{"start":{"line":34,"column":36},"end":{"line":34,"column":51}},"19":{"start":{"line":35,"column":16},"end":{"line":35,"column":17}},"20":{"start":{"line":36,"column":2},"end":{"line":39,"column":5}},"21":{"start":{"line":37,"column":4},"end":{"line":37,"column":25}},"22":{"start":{"line":38,"column":4},"end":{"line":38,"column":14}},"23":{"start":{"line":40,"column":2},"end":{"line":40,"column":65}},"24":{"start":{"line":41,"column":2},"end":{"line":41,"column":43}}},"fnMap":{"0":{"name":"(anonymous_0)","decl":{"start":{"line":5,"column":19},"end":{"line":5,"column":20}},"loc":{"start":{"line":5,"column":40},"end":{"line":13,"column":1}},"line":5},"1":{"name":"(anonymous_1)","decl":{"start":{"line":7,"column":19},"end":{"line":7,"column":20}},"loc":{"start":{"line":7,"column":31},"end":{"line":11,"column":3}},"line":7},"2":{"name":"(anonymous_2)","decl":{"start":{"line":16,"column":21},"end":{"line":16,"column":22}},"loc":{"start":{"line":16,"column":41},"end":{"line":30,"column":1}},"line":16},"3":{"name":"(anonymous_3)","decl":{"start":{"line":20,"column":34},"end":{"line":20,"column":35}},"loc":{"start":{"line":20,"column":44},"end":{"line":20,"column":64}},"line":20},"4":{"name":"(anonymous_4)","decl":{"start":{"line":32,"column":23},"end":{"line":32,"column":24}},"loc":{"start":{"line":32,"column":37},"end":{"line":42,"column":1}},"line":32},"5":{"name":"(anonymous_5)","decl":{"start":{"line":34,"column":26},"end":{"line":34,"column":27}},"loc":{"start":{"line":34,"column":36},"end":{"line":34,"column":51}},"line":34},"6":{"name":"(anonymous_6)","decl":{"start":{"line":36,"column":19},"end":{"line":36,"column":20}},"loc":{"start":{"line":36,"column":29},"end":{"line":39,"column":3}},"line":36}},"branchMap":{"0":{"loc":{"start":{"line":6,"column":19},"end":{"line":6,"column":73}},"type":"binary-expr","locations":[{"start":{"line":6,"column":19},"end":{"line":6,"column":67}},{"start":{"line":6,"column":71},"end":{"line":6,"column":73}}],"line":6},"1":{"loc":{"start":{"line":8,"column":4},"end":{"line":10,"column":5}},"type":"if","locations":[{"start":{"line":8,"column":4},"end":{"line":10,"column":5}},{"start":{},"end":{}}],"line":8},"2":{"loc":{"start":{"line":17,"column":16},"end":{"line":17,"column":70}},"type":"binary-expr","locations":[{"start":{"line":17,"column":16},"end":{"line":17,"column":64}},{"start":{"line":17,"column":68},"end":{"line":17,"column":70}}],"line":17},"3":{"loc":{"start":{"line":21,"column":2},"end":{"line":23,"column":3}},"type":"if","locations":[{"start":{"line":21,"column":2},"end":{"line":23,"column":3}},{"start":{},"end":{}}],"line":21},"4":{"loc":{"start":{"line":33,"column":14},"end":{"line":33,"column":68}},"type":"binary-expr","locations":[{"start":{"line":33,"column":14},"end":{"line":33,"column":62}},{"start":{"line":33,"column":66},"end":{"line":33,"column":68}}],"line":33}},"s":{"0":1,"1":1,"2":1,"3":1,"4":1,"5":1,"6":1,"7":1,"8":1,"9":1,"10":1,"11":1,"12":0,"13":1,"14":1,"15":1,"16":1,"17":1,"18":1,"19":1,"20":1,"21":1,"22":1,"23":1,"24":1},"f":{"0":1,"1":1,"2":1,"3":1,"4":1,"5":1,"6":1},"b":{"0":[1,0],"1":[1,0],"2":[1,0],"3":[0,1],"4":[1,0]},"_coverageSchema":"1a1c01bbd47fc00a2c39e90264f33305004495a9","hash":"0bf85a7b2820731a0d4bc8c5630144b5667f3036"}
}
